2021-03-03 23:33:08.155  INFO 3696 --- [restartedMain] o.study.pma.ProjectManagmentApplication  : Starting ProjectManagmentApplication on DESKTOP-O6B42TT with PID 3696 (C:\Users\sami_\git\repository\Project-managment5\target\classes started by sami_ in C:\Users\sami_\git\repository\Project-managment5)
2021-03-03 23:33:08.162 DEBUG 3696 --- [restartedMain] o.study.pma.ProjectManagmentApplication  : Running with Spring Boot v2.3.7.RELEASE, Spring v5.2.12.RELEASE
2021-03-03 23:33:08.163  INFO 3696 --- [restartedMain] o.study.pma.ProjectManagmentApplication  : The following profiles are active: dev
2021-03-03 23:33:08.238  INFO 3696 --- [restartedMain] .e.DevToolsPropertyDefaultsPostProcessor : Devtools property defaults active! Set 'spring.devtools.add-properties' to 'false' to disable
2021-03-03 23:33:08.239  INFO 3696 --- [restartedMain] .e.DevToolsPropertyDefaultsPostProcessor : For additional web related logging consider setting the 'logging.level.web' property to 'DEBUG'
2021-03-03 23:33:09.764  INFO 3696 --- [restartedMain] .s.d.r.c.RepositoryConfigurationDelegate : Bootstrapping Spring Data JPA repositories in DEFAULT mode.
2021-03-03 23:33:09.860  INFO 3696 --- [restartedMain] .s.d.r.c.RepositoryConfigurationDelegate : Finished Spring Data repository scanning in 87ms. Found 3 JPA repository interfaces.
2021-03-03 23:33:10.787  INFO 3696 --- [restartedMain] o.s.b.w.embedded.tomcat.TomcatWebServer  : Tomcat initialized with port(s): 8080 (http)
2021-03-03 23:33:10.902  INFO 3696 --- [restartedMain] w.s.c.ServletWebServerApplicationContext : Root WebApplicationContext: initialization completed in 2662 ms
2021-03-03 23:33:11.788  INFO 3696 --- [restartedMain] o.s.b.a.h2.H2ConsoleAutoConfiguration    : H2 console available at '/h2-console'. Database available at 'jdbc:postgresql://localhost:5432/pma-springbootdb'
2021-03-03 23:33:13.794  INFO 3696 --- [restartedMain] j.LocalContainerEntityManagerFactoryBean : Initialized JPA EntityManagerFactory for persistence unit 'default'
2021-03-03 23:33:14.221  WARN 3696 --- [restartedMain] JpaBaseConfiguration$JpaWebConfiguration : spring.jpa.open-in-view is enabled by default. Therefore, database queries may be performed during view rendering. Explicitly configure spring.jpa.open-in-view to disable this warning
2021-03-03 23:33:15.181  INFO 3696 --- [restartedMain] o.s.s.web.DefaultSecurityFilterChain     : Creating filter chain: any request, [org.springframework.security.web.context.request.async.WebAsyncManagerIntegrationFilter@4c332d82, org.springframework.security.web.context.SecurityContextPersistenceFilter@24f4166, org.springframework.security.web.header.HeaderWriterFilter@1c7192e3, org.springframework.security.web.csrf.CsrfFilter@75c1ee4b, org.springframework.security.web.authentication.logout.LogoutFilter@1dbff2fd, org.springframework.security.web.authentication.UsernamePasswordAuthenticationFilter@70244c01, org.springframework.security.web.authentication.ui.DefaultLoginPageGeneratingFilter@406ece2a, org.springframework.security.web.authentication.ui.DefaultLogoutPageGeneratingFilter@5b91ec, org.springframework.security.web.savedrequest.RequestCacheAwareFilter@3c9a552f, org.springframework.security.web.servletapi.SecurityContextHolderAwareRequestFilter@61d41e5f, org.springframework.security.web.authentication.AnonymousAuthenticationFilter@6e97743f, org.springframework.security.web.session.SessionManagementFilter@6d0cccf2, org.springframework.security.web.access.ExceptionTranslationFilter@561a33b5, org.springframework.security.web.access.intercept.FilterSecurityInterceptor@6bb76fa]
2021-03-03 23:33:15.365  INFO 3696 --- [restartedMain] o.s.s.concurrent.ThreadPoolTaskExecutor  : Initializing ExecutorService 'applicationTaskExecutor'
2021-03-03 23:33:15.880  INFO 3696 --- [restartedMain] o.s.b.d.a.OptionalLiveReloadServer       : LiveReload server is running on port 35729
2021-03-03 23:33:15.925  INFO 3696 --- [restartedMain] o.s.b.w.embedded.tomcat.TomcatWebServer  : Tomcat started on port(s): 8080 (http) with context path ''
2021-03-03 23:33:15.936  INFO 3696 --- [restartedMain] o.study.pma.ProjectManagmentApplication  : Started ProjectManagmentApplication in 8.134 seconds (JVM running for 9.915)
2021-03-03 23:33:36.292  INFO 3696 --- [http-nio-8080-exec-1] o.s.web.servlet.DispatcherServlet        : Initializing Servlet 'dispatcherServlet'
2021-03-03 23:33:36.327  INFO 3696 --- [http-nio-8080-exec-1] o.s.web.servlet.DispatcherServlet        : Completed initialization in 34 ms
2021-03-03 23:34:31.079  WARN 3696 --- [http-nio-8080-exec-4] .w.s.m.s.DefaultHandlerExceptionResolver : Resolved [org.springframework.web.HttpRequestMethodNotSupportedException: Request method 'POST' not supported]
2021-03-03 23:36:31.083  WARN 3696 --- [http-nio-8080-exec-6] .w.s.m.s.DefaultHandlerExceptionResolver : Resolved [org.springframework.web.HttpRequestMethodNotSupportedException: Request method 'POST' not supported]
2021-03-03 23:37:08.436  INFO 3696 --- [RMI TCP Connection(12)-127.0.0.1] inMXBeanRegistrar$SpringApplicationAdmin : Application shutdown requested.
2021-03-03 23:37:09.006  INFO 3696 --- [RMI TCP Connection(12)-127.0.0.1] o.s.s.concurrent.ThreadPoolTaskExecutor  : Shutting down ExecutorService 'applicationTaskExecutor'
2021-03-03 23:37:09.008  INFO 3696 --- [RMI TCP Connection(12)-127.0.0.1] j.LocalContainerEntityManagerFactoryBean : Closing JPA EntityManagerFactory for persistence unit 'default'
